{"D:\\Coding\\Phase 2\\ip-mizutee\\app.js": {"path":"D:\\Coding\\Phase 2\\ip-mizutee\\app.js","statementMap":{"0":{"start":{"line":1,"column":0},"end":{"line":3,"column":1}},"1":{"start":{"line":2,"column":2},"end":{"line":2,"column":29}},"2":{"start":{"line":4,"column":16},"end":{"line":4,"column":34}},"3":{"start":{"line":5,"column":12},"end":{"line":5,"column":21}},"4":{"start":{"line":6,"column":13},"end":{"line":6,"column":17}},"5":{"start":{"line":7,"column":26},"end":{"line":7,"column":45}},"6":{"start":{"line":8,"column":15},"end":{"line":8,"column":32}},"7":{"start":{"line":9,"column":12},"end":{"line":9,"column":35}},"8":{"start":{"line":10,"column":13},"end":{"line":10,"column":28}},"9":{"start":{"line":11,"column":15},"end":{"line":11,"column":32}},"10":{"start":{"line":12,"column":23},"end":{"line":12,"column":53}},"11":{"start":{"line":13,"column":19},"end":{"line":13,"column":43}},"12":{"start":{"line":15,"column":0},"end":{"line":19,"column":3}},"13":{"start":{"line":21,"column":0},"end":{"line":21,"column":16}},"14":{"start":{"line":23,"column":15},"end":{"line":23,"column":58}},"15":{"start":{"line":25,"column":0},"end":{"line":25,"column":49}},"16":{"start":{"line":26,"column":0},"end":{"line":26,"column":24}},"17":{"start":{"line":28,"column":23},"end":{"line":48,"column":1}},"18":{"start":{"line":29,"column":2},"end":{"line":47,"column":3}},"19":{"start":{"line":30,"column":30},"end":{"line":30,"column":41}},"20":{"start":{"line":32,"column":4},"end":{"line":32,"column":55}},"21":{"start":{"line":32,"column":24},"end":{"line":32,"column":55}},"22":{"start":{"line":34,"column":24},"end":{"line":34,"column":48}},"23":{"start":{"line":36,"column":4},"end":{"line":36,"column":67}},"24":{"start":{"line":36,"column":36},"end":{"line":36,"column":67}},"25":{"start":{"line":38,"column":17},"end":{"line":38,"column":45}},"26":{"start":{"line":40,"column":4},"end":{"line":40,"column":53}},"27":{"start":{"line":40,"column":17},"end":{"line":40,"column":53}},"28":{"start":{"line":42,"column":4},"end":{"line":42,"column":22}},"29":{"start":{"line":44,"column":4},"end":{"line":44,"column":11}},"30":{"start":{"line":46,"column":4},"end":{"line":46,"column":16}},"31":{"start":{"line":50,"column":0},"end":{"line":69,"column":3}},"32":{"start":{"line":51,"column":2},"end":{"line":68,"column":3}},"33":{"start":{"line":52,"column":40},"end":{"line":52,"column":48}},"34":{"start":{"line":54,"column":4},"end":{"line":54,"column":32}},"35":{"start":{"line":56,"column":15},"end":{"line":59,"column":6}},"36":{"start":{"line":61,"column":4},"end":{"line":63,"column":7}},"37":{"start":{"line":65,"column":4},"end":{"line":65,"column":31}},"38":{"start":{"line":67,"column":4},"end":{"line":67,"column":16}},"39":{"start":{"line":71,"column":0},"end":{"line":114,"column":3}},"40":{"start":{"line":72,"column":2},"end":{"line":113,"column":3}},"41":{"start":{"line":73,"column":33},"end":{"line":73,"column":41}},"42":{"start":{"line":75,"column":28},"end":{"line":85,"column":6}},"43":{"start":{"line":87,"column":18},"end":{"line":91,"column":6}},"44":{"start":{"line":93,"column":26},"end":{"line":97,"column":6}},"45":{"start":{"line":99,"column":4},"end":{"line":103,"column":5}},"46":{"start":{"line":100,"column":6},"end":{"line":102,"column":9}},"47":{"start":{"line":105,"column":16},"end":{"line":108,"column":5}},"48":{"start":{"line":110,"column":4},"end":{"line":110,"column":50}},"49":{"start":{"line":112,"column":4},"end":{"line":112,"column":16}},"50":{"start":{"line":116,"column":0},"end":{"line":147,"column":3}},"51":{"start":{"line":117,"column":2},"end":{"line":146,"column":3}},"52":{"start":{"line":118,"column":30},"end":{"line":118,"column":38}},"53":{"start":{"line":120,"column":4},"end":{"line":120,"column":45}},"54":{"start":{"line":120,"column":16},"end":{"line":120,"column":45}},"55":{"start":{"line":121,"column":4},"end":{"line":121,"column":51}},"56":{"start":{"line":121,"column":19},"end":{"line":121,"column":51}},"57":{"start":{"line":123,"column":15},"end":{"line":127,"column":6}},"58":{"start":{"line":129,"column":4},"end":{"line":129,"column":46}},"59":{"start":{"line":129,"column":15},"end":{"line":129,"column":46}},"60":{"start":{"line":131,"column":20},"end":{"line":131,"column":63}},"61":{"start":{"line":133,"column":4},"end":{"line":133,"column":51}},"62":{"start":{"line":133,"column":20},"end":{"line":133,"column":51}},"63":{"start":{"line":135,"column":16},"end":{"line":138,"column":5}},"64":{"start":{"line":140,"column":4},"end":{"line":143,"column":7}},"65":{"start":{"line":145,"column":4},"end":{"line":145,"column":16}},"66":{"start":{"line":149,"column":0},"end":{"line":168,"column":3}},"67":{"start":{"line":150,"column":2},"end":{"line":167,"column":3}},"68":{"start":{"line":151,"column":15},"end":{"line":159,"column":6}},"69":{"start":{"line":161,"column":4},"end":{"line":161,"column":38}},"70":{"start":{"line":161,"column":14},"end":{"line":161,"column":38}},"71":{"start":{"line":164,"column":4},"end":{"line":164,"column":31}},"72":{"start":{"line":166,"column":4},"end":{"line":166,"column":16}},"73":{"start":{"line":170,"column":0},"end":{"line":188,"column":3}},"74":{"start":{"line":171,"column":2},"end":{"line":187,"column":3}},"75":{"start":{"line":172,"column":19},"end":{"line":172,"column":29}},"76":{"start":{"line":174,"column":21},"end":{"line":174,"column":47}},"77":{"start":{"line":176,"column":4},"end":{"line":176,"column":44}},"78":{"start":{"line":176,"column":20},"end":{"line":176,"column":44}},"79":{"start":{"line":178,"column":4},"end":{"line":182,"column":7}},"80":{"start":{"line":184,"column":4},"end":{"line":184,"column":79}},"81":{"start":{"line":186,"column":4},"end":{"line":186,"column":16}},"82":{"start":{"line":190,"column":0},"end":{"line":222,"column":2}},"83":{"start":{"line":195,"column":4},"end":{"line":220,"column":5}},"84":{"start":{"line":196,"column":21},"end":{"line":196,"column":31}},"85":{"start":{"line":197,"column":21},"end":{"line":197,"column":36}},"86":{"start":{"line":198,"column":6},"end":{"line":198,"column":42}},"87":{"start":{"line":198,"column":20},"end":{"line":198,"column":42}},"88":{"start":{"line":199,"column":6},"end":{"line":199,"column":40}},"89":{"start":{"line":199,"column":18},"end":{"line":199,"column":40}},"90":{"start":{"line":200,"column":28},"end":{"line":200,"column":66}},"91":{"start":{"line":201,"column":24},"end":{"line":201,"column":75}},"92":{"start":{"line":202,"column":21},"end":{"line":204,"column":8}},"93":{"start":{"line":206,"column":6},"end":{"line":215,"column":8}},"94":{"start":{"line":217,"column":6},"end":{"line":217,"column":80}},"95":{"start":{"line":219,"column":6},"end":{"line":219,"column":18}},"96":{"start":{"line":224,"column":0},"end":{"line":239,"column":2}},"97":{"start":{"line":225,"column":2},"end":{"line":238,"column":3}},"98":{"start":{"line":227,"column":15},"end":{"line":231,"column":6}},"99":{"start":{"line":233,"column":4},"end":{"line":233,"column":39}},"100":{"start":{"line":233,"column":15},"end":{"line":233,"column":39}},"101":{"start":{"line":235,"column":4},"end":{"line":235,"column":60}},"102":{"start":{"line":237,"column":4},"end":{"line":237,"column":15}},"103":{"start":{"line":241,"column":0},"end":{"line":241,"column":20}},"104":{"start":{"line":247,"column":0},"end":{"line":247,"column":20}}},"fnMap":{"0":{"name":"(anonymous_0)","decl":{"start":{"line":28,"column":23},"end":{"line":28,"column":24}},"loc":{"start":{"line":28,"column":49},"end":{"line":48,"column":1}},"line":28},"1":{"name":"(anonymous_1)","decl":{"start":{"line":50,"column":22},"end":{"line":50,"column":23}},"loc":{"start":{"line":50,"column":48},"end":{"line":69,"column":1}},"line":50},"2":{"name":"(anonymous_2)","decl":{"start":{"line":71,"column":28},"end":{"line":71,"column":29}},"loc":{"start":{"line":71,"column":54},"end":{"line":114,"column":1}},"line":71},"3":{"name":"(anonymous_3)","decl":{"start":{"line":116,"column":19},"end":{"line":116,"column":20}},"loc":{"start":{"line":116,"column":45},"end":{"line":147,"column":1}},"line":116},"4":{"name":"(anonymous_4)","decl":{"start":{"line":149,"column":36},"end":{"line":149,"column":37}},"loc":{"start":{"line":149,"column":62},"end":{"line":168,"column":1}},"line":149},"5":{"name":"(anonymous_5)","decl":{"start":{"line":170,"column":40},"end":{"line":170,"column":41}},"loc":{"start":{"line":170,"column":66},"end":{"line":188,"column":1}},"line":170},"6":{"name":"(anonymous_6)","decl":{"start":{"line":194,"column":2},"end":{"line":194,"column":3}},"loc":{"start":{"line":194,"column":28},"end":{"line":221,"column":3}},"line":194},"7":{"name":"(anonymous_7)","decl":{"start":{"line":224,"column":43},"end":{"line":224,"column":44}},"loc":{"start":{"line":224,"column":69},"end":{"line":239,"column":1}},"line":224}},"branchMap":{"0":{"loc":{"start":{"line":1,"column":0},"end":{"line":3,"column":1}},"type":"if","locations":[{"start":{"line":1,"column":0},"end":{"line":3,"column":1}},{"start":{},"end":{}}],"line":1},"1":{"loc":{"start":{"line":32,"column":4},"end":{"line":32,"column":55}},"type":"if","locations":[{"start":{"line":32,"column":4},"end":{"line":32,"column":55}},{"start":{},"end":{}}],"line":32},"2":{"loc":{"start":{"line":36,"column":4},"end":{"line":36,"column":67}},"type":"if","locations":[{"start":{"line":36,"column":4},"end":{"line":36,"column":67}},{"start":{},"end":{}}],"line":36},"3":{"loc":{"start":{"line":36,"column":8},"end":{"line":36,"column":34}},"type":"binary-expr","locations":[{"start":{"line":36,"column":8},"end":{"line":36,"column":13}},{"start":{"line":36,"column":17},"end":{"line":36,"column":34}}],"line":36},"4":{"loc":{"start":{"line":40,"column":4},"end":{"line":40,"column":53}},"type":"if","locations":[{"start":{"line":40,"column":4},"end":{"line":40,"column":53}},{"start":{},"end":{}}],"line":40},"5":{"loc":{"start":{"line":99,"column":4},"end":{"line":103,"column":5}},"type":"if","locations":[{"start":{"line":99,"column":4},"end":{"line":103,"column":5}},{"start":{},"end":{}}],"line":99},"6":{"loc":{"start":{"line":120,"column":4},"end":{"line":120,"column":45}},"type":"if","locations":[{"start":{"line":120,"column":4},"end":{"line":120,"column":45}},{"start":{},"end":{}}],"line":120},"7":{"loc":{"start":{"line":121,"column":4},"end":{"line":121,"column":51}},"type":"if","locations":[{"start":{"line":121,"column":4},"end":{"line":121,"column":51}},{"start":{},"end":{}}],"line":121},"8":{"loc":{"start":{"line":129,"column":4},"end":{"line":129,"column":46}},"type":"if","locations":[{"start":{"line":129,"column":4},"end":{"line":129,"column":46}},{"start":{},"end":{}}],"line":129},"9":{"loc":{"start":{"line":133,"column":4},"end":{"line":133,"column":51}},"type":"if","locations":[{"start":{"line":133,"column":4},"end":{"line":133,"column":51}},{"start":{},"end":{}}],"line":133},"10":{"loc":{"start":{"line":161,"column":4},"end":{"line":161,"column":38}},"type":"if","locations":[{"start":{"line":161,"column":4},"end":{"line":161,"column":38}},{"start":{},"end":{}}],"line":161},"11":{"loc":{"start":{"line":176,"column":4},"end":{"line":176,"column":44}},"type":"if","locations":[{"start":{"line":176,"column":4},"end":{"line":176,"column":44}},{"start":{},"end":{}}],"line":176},"12":{"loc":{"start":{"line":198,"column":6},"end":{"line":198,"column":42}},"type":"if","locations":[{"start":{"line":198,"column":6},"end":{"line":198,"column":42}},{"start":{},"end":{}}],"line":198},"13":{"loc":{"start":{"line":199,"column":6},"end":{"line":199,"column":40}},"type":"if","locations":[{"start":{"line":199,"column":6},"end":{"line":199,"column":40}},{"start":{},"end":{}}],"line":199},"14":{"loc":{"start":{"line":233,"column":4},"end":{"line":233,"column":39}},"type":"if","locations":[{"start":{"line":233,"column":4},"end":{"line":233,"column":39}},{"start":{},"end":{}}],"line":233}},"s":{"0":6,"1":6,"2":6,"3":6,"4":6,"5":6,"6":6,"7":6,"8":6,"9":6,"10":6,"11":6,"12":6,"13":6,"14":6,"15":6,"16":6,"17":6,"18":10,"19":10,"20":10,"21":3,"22":7,"23":7,"24":0,"25":7,"26":7,"27":0,"28":7,"29":7,"30":3,"31":6,"32":5,"33":5,"34":5,"35":1,"36":1,"37":1,"38":4,"39":6,"40":0,"41":0,"42":0,"43":0,"44":0,"45":0,"46":0,"47":0,"48":0,"49":0,"50":6,"51":5,"52":5,"53":5,"54":1,"55":4,"56":1,"57":3,"58":3,"59":1,"60":2,"61":2,"62":1,"63":1,"64":1,"65":4,"66":6,"67":1,"68":1,"69":1,"70":0,"71":1,"72":0,"73":6,"74":2,"75":2,"76":2,"77":2,"78":1,"79":1,"80":1,"81":1,"82":6,"83":2,"84":2,"85":2,"86":1,"87":0,"88":1,"89":0,"90":1,"91":1,"92":1,"93":1,"94":1,"95":1,"96":6,"97":2,"98":2,"99":2,"100":1,"101":1,"102":1,"103":6,"104":6},"f":{"0":10,"1":5,"2":0,"3":5,"4":1,"5":2,"6":2,"7":2},"b":{"0":[6,0],"1":[3,7],"2":[0,7],"3":[7,7],"4":[0,7],"5":[0,0],"6":[1,4],"7":[1,3],"8":[1,2],"9":[1,1],"10":[0,1],"11":[1,1],"12":[0,1],"13":[0,1],"14":[1,1]},"_coverageSchema":"1a1c01bbd47fc00a2c39e90264f33305004495a9","hash":"d23571729471a36cce4a2930764390ae29668d67"}
,"D:\\Coding\\Phase 2\\ip-mizutee\\middlewares\\error.js": {"path":"D:\\Coding\\Phase 2\\ip-mizutee\\middlewares\\error.js","statementMap":{"0":{"start":{"line":1,"column":19},"end":{"line":44,"column":1}},"1":{"start":{"line":2,"column":2},"end":{"line":2,"column":38}},"2":{"start":{"line":3,"column":2},"end":{"line":43,"column":3}},"3":{"start":{"line":6,"column":6},"end":{"line":6,"column":63}},"4":{"start":{"line":7,"column":6},"end":{"line":7,"column":12}},"5":{"start":{"line":9,"column":6},"end":{"line":9,"column":55}},"6":{"start":{"line":10,"column":6},"end":{"line":10,"column":12}},"7":{"start":{"line":12,"column":6},"end":{"line":12,"column":77}},"8":{"start":{"line":13,"column":6},"end":{"line":13,"column":12}},"9":{"start":{"line":15,"column":6},"end":{"line":15,"column":77}},"10":{"start":{"line":16,"column":6},"end":{"line":16,"column":12}},"11":{"start":{"line":18,"column":6},"end":{"line":18,"column":57}},"12":{"start":{"line":19,"column":6},"end":{"line":19,"column":12}},"13":{"start":{"line":21,"column":6},"end":{"line":23,"column":9}},"14":{"start":{"line":24,"column":6},"end":{"line":24,"column":12}},"15":{"start":{"line":26,"column":6},"end":{"line":28,"column":9}},"16":{"start":{"line":29,"column":6},"end":{"line":29,"column":12}},"17":{"start":{"line":31,"column":6},"end":{"line":31,"column":58}},"18":{"start":{"line":32,"column":6},"end":{"line":32,"column":12}},"19":{"start":{"line":34,"column":6},"end":{"line":34,"column":60}},"20":{"start":{"line":35,"column":6},"end":{"line":35,"column":12}},"21":{"start":{"line":37,"column":6},"end":{"line":37,"column":76}},"22":{"start":{"line":38,"column":6},"end":{"line":38,"column":12}},"23":{"start":{"line":40,"column":6},"end":{"line":40,"column":23}},"24":{"start":{"line":41,"column":6},"end":{"line":41,"column":65}},"25":{"start":{"line":42,"column":6},"end":{"line":42,"column":12}},"26":{"start":{"line":46,"column":0},"end":{"line":46,"column":32}}},"fnMap":{"0":{"name":"(anonymous_0)","decl":{"start":{"line":1,"column":19},"end":{"line":1,"column":20}},"loc":{"start":{"line":1,"column":44},"end":{"line":44,"column":1}},"line":1}},"branchMap":{"0":{"loc":{"start":{"line":3,"column":2},"end":{"line":43,"column":3}},"type":"switch","locations":[{"start":{"line":4,"column":4},"end":{"line":4,"column":36}},{"start":{"line":5,"column":4},"end":{"line":7,"column":12}},{"start":{"line":8,"column":4},"end":{"line":10,"column":12}},{"start":{"line":11,"column":4},"end":{"line":13,"column":12}},{"start":{"line":14,"column":4},"end":{"line":16,"column":12}},{"start":{"line":17,"column":4},"end":{"line":19,"column":12}},{"start":{"line":20,"column":4},"end":{"line":24,"column":12}},{"start":{"line":25,"column":4},"end":{"line":29,"column":12}},{"start":{"line":30,"column":4},"end":{"line":32,"column":12}},{"start":{"line":33,"column":4},"end":{"line":35,"column":12}},{"start":{"line":36,"column":4},"end":{"line":38,"column":12}},{"start":{"line":39,"column":4},"end":{"line":42,"column":12}}],"line":3}},"s":{"0":6,"1":14,"2":14,"3":4,"4":4,"5":0,"6":0,"7":1,"8":1,"9":1,"10":1,"11":0,"12":0,"13":2,"14":2,"15":0,"16":0,"17":2,"18":2,"19":3,"20":3,"21":0,"22":0,"23":1,"24":1,"25":1,"26":6},"f":{"0":14},"b":{"0":[4,4,0,1,1,0,2,0,2,3,0,1]},"_coverageSchema":"1a1c01bbd47fc00a2c39e90264f33305004495a9","hash":"1c9a01755bdc4e0829b0c9f452072479b73dc165"}
,"D:\\Coding\\Phase 2\\ip-mizutee\\models\\index.js": {"path":"D:\\Coding\\Phase 2\\ip-mizutee\\models\\index.js","statementMap":{"0":{"start":{"line":3,"column":11},"end":{"line":3,"column":24}},"1":{"start":{"line":4,"column":13},"end":{"line":4,"column":28}},"2":{"start":{"line":5,"column":18},"end":{"line":5,"column":38}},"3":{"start":{"line":6,"column":16},"end":{"line":6,"column":34}},"4":{"start":{"line":7,"column":17},"end":{"line":7,"column":42}},"5":{"start":{"line":8,"column":12},"end":{"line":8,"column":49}},"6":{"start":{"line":9,"column":15},"end":{"line":9,"column":65}},"7":{"start":{"line":10,"column":11},"end":{"line":10,"column":13}},"8":{"start":{"line":13,"column":0},"end":{"line":17,"column":1}},"9":{"start":{"line":14,"column":2},"end":{"line":14,"column":74}},"10":{"start":{"line":16,"column":2},"end":{"line":16,"column":87}},"11":{"start":{"line":19,"column":0},"end":{"line":32,"column":5}},"12":{"start":{"line":22,"column":4},"end":{"line":27,"column":6}},"13":{"start":{"line":30,"column":18},"end":{"line":30,"column":85}},"14":{"start":{"line":31,"column":4},"end":{"line":31,"column":27}},"15":{"start":{"line":34,"column":0},"end":{"line":38,"column":3}},"16":{"start":{"line":35,"column":2},"end":{"line":37,"column":3}},"17":{"start":{"line":36,"column":4},"end":{"line":36,"column":32}},"18":{"start":{"line":40,"column":0},"end":{"line":40,"column":25}},"19":{"start":{"line":41,"column":0},"end":{"line":41,"column":25}},"20":{"start":{"line":43,"column":0},"end":{"line":43,"column":20}}},"fnMap":{"0":{"name":"(anonymous_0)","decl":{"start":{"line":21,"column":10},"end":{"line":21,"column":11}},"loc":{"start":{"line":21,"column":18},"end":{"line":28,"column":3}},"line":21},"1":{"name":"(anonymous_1)","decl":{"start":{"line":29,"column":11},"end":{"line":29,"column":12}},"loc":{"start":{"line":29,"column":19},"end":{"line":32,"column":3}},"line":29},"2":{"name":"(anonymous_2)","decl":{"start":{"line":34,"column":24},"end":{"line":34,"column":25}},"loc":{"start":{"line":34,"column":37},"end":{"line":38,"column":1}},"line":34}},"branchMap":{"0":{"loc":{"start":{"line":8,"column":12},"end":{"line":8,"column":49}},"type":"binary-expr","locations":[{"start":{"line":8,"column":12},"end":{"line":8,"column":32}},{"start":{"line":8,"column":36},"end":{"line":8,"column":49}}],"line":8},"1":{"loc":{"start":{"line":13,"column":0},"end":{"line":17,"column":1}},"type":"if","locations":[{"start":{"line":13,"column":0},"end":{"line":17,"column":1}},{"start":{"line":15,"column":7},"end":{"line":17,"column":1}}],"line":13},"2":{"loc":{"start":{"line":23,"column":6},"end":{"line":26,"column":37}},"type":"binary-expr","locations":[{"start":{"line":23,"column":6},"end":{"line":23,"column":29}},{"start":{"line":24,"column":6},"end":{"line":24,"column":23}},{"start":{"line":25,"column":6},"end":{"line":25,"column":30}},{"start":{"line":26,"column":6},"end":{"line":26,"column":37}}],"line":23},"3":{"loc":{"start":{"line":35,"column":2},"end":{"line":37,"column":3}},"type":"if","locations":[{"start":{"line":35,"column":2},"end":{"line":37,"column":3}},{"start":{},"end":{}}],"line":35}},"s":{"0":6,"1":6,"2":6,"3":6,"4":6,"5":6,"6":6,"7":6,"8":6,"9":0,"10":6,"11":6,"12":18,"13":12,"14":12,"15":6,"16":12,"17":12,"18":6,"19":6,"20":6},"f":{"0":18,"1":12,"2":12},"b":{"0":[6,0],"1":[0,6],"2":[18,18,12,12],"3":[12,0]},"_coverageSchema":"1a1c01bbd47fc00a2c39e90264f33305004495a9","hash":"7e53715ab4e358de1e972178e8a8fc5b71201b45"}
,"D:\\Coding\\Phase 2\\ip-mizutee\\models\\profile.js": {"path":"D:\\Coding\\Phase 2\\ip-mizutee\\models\\profile.js","statementMap":{"0":{"start":{"line":4,"column":4},"end":{"line":4,"column":24}},"1":{"start":{"line":5,"column":0},"end":{"line":43,"column":2}},"2":{"start":{"line":13,"column":6},"end":{"line":13,"column":60}},"3":{"start":{"line":16,"column":2},"end":{"line":41,"column":4}},"4":{"start":{"line":42,"column":2},"end":{"line":42,"column":17}}},"fnMap":{"0":{"name":"(anonymous_0)","decl":{"start":{"line":5,"column":17},"end":{"line":5,"column":18}},"loc":{"start":{"line":5,"column":43},"end":{"line":43,"column":1}},"line":5},"1":{"name":"(anonymous_1)","decl":{"start":{"line":12,"column":4},"end":{"line":12,"column":5}},"loc":{"start":{"line":12,"column":29},"end":{"line":14,"column":5}},"line":12}},"branchMap":{},"s":{"0":6,"1":6,"2":6,"3":6,"4":6},"f":{"0":6,"1":6},"b":{},"_coverageSchema":"1a1c01bbd47fc00a2c39e90264f33305004495a9","hash":"3c4bf7a4e0c9453073b21250a328b528a8c1ac2a"}
,"D:\\Coding\\Phase 2\\ip-mizutee\\models\\user.js": {"path":"D:\\Coding\\Phase 2\\ip-mizutee\\models\\user.js","statementMap":{"0":{"start":{"line":2,"column":15},"end":{"line":2,"column":32}},"1":{"start":{"line":6,"column":4},"end":{"line":6,"column":24}},"2":{"start":{"line":7,"column":0},"end":{"line":73,"column":2}},"3":{"start":{"line":15,"column":6},"end":{"line":15,"column":57}},"4":{"start":{"line":18,"column":2},"end":{"line":68,"column":4}},"5":{"start":{"line":69,"column":2},"end":{"line":71,"column":4}},"6":{"start":{"line":70,"column":4},"end":{"line":70,"column":81}},"7":{"start":{"line":72,"column":2},"end":{"line":72,"column":14}}},"fnMap":{"0":{"name":"(anonymous_0)","decl":{"start":{"line":7,"column":17},"end":{"line":7,"column":18}},"loc":{"start":{"line":7,"column":43},"end":{"line":73,"column":1}},"line":7},"1":{"name":"(anonymous_1)","decl":{"start":{"line":14,"column":4},"end":{"line":14,"column":5}},"loc":{"start":{"line":14,"column":29},"end":{"line":16,"column":5}},"line":14},"2":{"name":"(anonymous_2)","decl":{"start":{"line":69,"column":20},"end":{"line":69,"column":21}},"loc":{"start":{"line":69,"column":39},"end":{"line":71,"column":3}},"line":69}},"branchMap":{},"s":{"0":6,"1":6,"2":6,"3":6,"4":6,"5":6,"6":5,"7":6},"f":{"0":6,"1":6,"2":5},"b":{},"_coverageSchema":"1a1c01bbd47fc00a2c39e90264f33305004495a9","hash":"7feca940c15688c3cf44adec1a0771be9a737c1e"}
}
