TN:
SF:app.js
FN:28,(anonymous_0)
FN:50,(anonymous_1)
FN:71,(anonymous_2)
FN:116,(anonymous_3)
FN:149,(anonymous_4)
FN:170,(anonymous_5)
FN:194,(anonymous_6)
FN:224,(anonymous_7)
FNF:8
FNH:7
FNDA:10,(anonymous_0)
FNDA:5,(anonymous_1)
FNDA:0,(anonymous_2)
FNDA:5,(anonymous_3)
FNDA:1,(anonymous_4)
FNDA:2,(anonymous_5)
FNDA:2,(anonymous_6)
FNDA:2,(anonymous_7)
DA:1,6
DA:2,6
DA:4,6
DA:5,6
DA:6,6
DA:7,6
DA:8,6
DA:9,6
DA:10,6
DA:11,6
DA:12,6
DA:13,6
DA:15,6
DA:21,6
DA:23,6
DA:25,6
DA:26,6
DA:28,6
DA:29,10
DA:30,10
DA:32,10
DA:34,7
DA:36,7
DA:38,7
DA:40,7
DA:42,7
DA:44,7
DA:46,3
DA:50,6
DA:51,5
DA:52,5
DA:54,5
DA:56,1
DA:61,1
DA:65,1
DA:67,4
DA:71,6
DA:72,0
DA:73,0
DA:75,0
DA:87,0
DA:93,0
DA:99,0
DA:100,0
DA:105,0
DA:110,0
DA:112,0
DA:116,6
DA:117,5
DA:118,5
DA:120,5
DA:121,4
DA:123,3
DA:129,3
DA:131,2
DA:133,2
DA:135,1
DA:140,1
DA:145,4
DA:149,6
DA:150,1
DA:151,1
DA:161,1
DA:164,1
DA:166,0
DA:170,6
DA:171,2
DA:172,2
DA:174,2
DA:176,2
DA:178,1
DA:184,1
DA:186,1
DA:190,6
DA:195,2
DA:196,2
DA:197,2
DA:198,1
DA:199,1
DA:200,1
DA:201,1
DA:202,1
DA:206,1
DA:217,1
DA:219,1
DA:224,6
DA:225,2
DA:227,2
DA:233,2
DA:235,1
DA:237,1
DA:241,6
DA:247,6
LF:93
LH:82
BRDA:1,0,0,6
BRDA:1,0,1,0
BRDA:32,1,0,3
BRDA:32,1,1,7
BRDA:36,2,0,0
BRDA:36,2,1,7
BRDA:36,3,0,7
BRDA:36,3,1,7
BRDA:40,4,0,0
BRDA:40,4,1,7
BRDA:99,5,0,0
BRDA:99,5,1,0
BRDA:120,6,0,1
BRDA:120,6,1,4
BRDA:121,7,0,1
BRDA:121,7,1,3
BRDA:129,8,0,1
BRDA:129,8,1,2
BRDA:133,9,0,1
BRDA:133,9,1,1
BRDA:161,10,0,0
BRDA:161,10,1,1
BRDA:176,11,0,1
BRDA:176,11,1,1
BRDA:198,12,0,0
BRDA:198,12,1,1
BRDA:199,13,0,0
BRDA:199,13,1,1
BRDA:233,14,0,1
BRDA:233,14,1,1
BRF:30
BRH:22
end_of_record
TN:
SF:middlewares\error.js
FN:1,(anonymous_0)
FNF:1
FNH:1
FNDA:14,(anonymous_0)
DA:1,6
DA:2,14
DA:3,14
DA:6,4
DA:7,4
DA:9,0
DA:10,0
DA:12,1
DA:13,1
DA:15,1
DA:16,1
DA:18,0
DA:19,0
DA:21,2
DA:24,2
DA:26,0
DA:29,0
DA:31,2
DA:32,2
DA:34,3
DA:35,3
DA:37,0
DA:38,0
DA:40,1
DA:41,1
DA:42,1
DA:46,6
LF:27
LH:19
BRDA:3,0,0,4
BRDA:3,0,1,4
BRDA:3,0,2,0
BRDA:3,0,3,1
BRDA:3,0,4,1
BRDA:3,0,5,0
BRDA:3,0,6,2
BRDA:3,0,7,0
BRDA:3,0,8,2
BRDA:3,0,9,3
BRDA:3,0,10,0
BRDA:3,0,11,1
BRF:12
BRH:8
end_of_record
TN:
SF:models\index.js
FN:21,(anonymous_0)
FN:29,(anonymous_1)
FN:34,(anonymous_2)
FNF:3
FNH:3
FNDA:18,(anonymous_0)
FNDA:12,(anonymous_1)
FNDA:12,(anonymous_2)
DA:3,6
DA:4,6
DA:5,6
DA:6,6
DA:7,6
DA:8,6
DA:9,6
DA:10,6
DA:13,6
DA:14,0
DA:16,6
DA:19,6
DA:22,18
DA:30,12
DA:31,12
DA:34,6
DA:35,12
DA:36,12
DA:40,6
DA:41,6
DA:43,6
LF:21
LH:20
BRDA:8,0,0,6
BRDA:8,0,1,0
BRDA:13,1,0,0
BRDA:13,1,1,6
BRDA:23,2,0,18
BRDA:23,2,1,18
BRDA:23,2,2,12
BRDA:23,2,3,12
BRDA:35,3,0,12
BRDA:35,3,1,0
BRF:10
BRH:7
end_of_record
TN:
SF:models\profile.js
FN:5,(anonymous_0)
FN:12,(anonymous_1)
FNF:2
FNH:2
FNDA:6,(anonymous_0)
FNDA:6,(anonymous_1)
DA:4,6
DA:5,6
DA:13,6
DA:16,6
DA:42,6
LF:5
LH:5
BRF:0
BRH:0
end_of_record
TN:
SF:models\user.js
FN:7,(anonymous_0)
FN:14,(anonymous_1)
FN:69,(anonymous_2)
FNF:3
FNH:3
FNDA:6,(anonymous_0)
FNDA:6,(anonymous_1)
FNDA:5,(anonymous_2)
DA:2,6
DA:6,6
DA:7,6
DA:15,6
DA:18,6
DA:69,6
DA:70,5
DA:72,6
LF:8
LH:8
BRF:0
BRH:0
end_of_record
